  Hunt the Wumpus Text Adventure.cpp
<<<<<<< HEAD
D:\Documents\Git\wumpus-project\Hunt the Wumpus Text Adventure\Hunt the Wumpus Text Adventure\AI.hpp(2,10): warning C4067: unexpected tokens following preprocessor directive - expected a newline
D:\Documents\Git\wumpus-project\Hunt the Wumpus Text Adventure\Hunt the Wumpus Text Adventure\Hunt the Wumpus Text Adventure.cpp(36,20): warning C4018: '<': signed/unsigned mismatch
D:\Documents\Git\wumpus-project\Hunt the Wumpus Text Adventure\Hunt the Wumpus Text Adventure\Hunt the Wumpus Text Adventure.cpp(51,20): warning C4018: '<': signed/unsigned mismatch
D:\Documents\Git\wumpus-project\Hunt the Wumpus Text Adventure\Hunt the Wumpus Text Adventure\Hunt the Wumpus Text Adventure.cpp(112,22): warning C4018: '<': signed/unsigned mismatch
D:\Documents\Git\wumpus-project\Hunt the Wumpus Text Adventure\Hunt the Wumpus Text Adventure\Hunt the Wumpus Text Adventure.cpp(114,23): warning C4018: '<': signed/unsigned mismatch
D:\Documents\Git\wumpus-project\Hunt the Wumpus Text Adventure\Hunt the Wumpus Text Adventure\Hunt the Wumpus Text Adventure.cpp(136,22): warning C4018: '<': signed/unsigned mismatch
D:\Documents\Git\wumpus-project\Hunt the Wumpus Text Adventure\Hunt the Wumpus Text Adventure\Hunt the Wumpus Text Adventure.cpp(182,22): warning C4018: '<': signed/unsigned mismatch
D:\Documents\Git\wumpus-project\Hunt the Wumpus Text Adventure\Hunt the Wumpus Text Adventure\Hunt the Wumpus Text Adventure.cpp(184,23): warning C4018: '<': signed/unsigned mismatch
D:\Documents\Git\wumpus-project\Hunt the Wumpus Text Adventure\Hunt the Wumpus Text Adventure\Hunt the Wumpus Text Adventure.cpp(194,22): warning C4018: '<': signed/unsigned mismatch
D:\Documents\Git\wumpus-project\Hunt the Wumpus Text Adventure\Hunt the Wumpus Text Adventure\Hunt the Wumpus Text Adventure.cpp(196,27): warning C4018: '<': signed/unsigned mismatch
D:\Documents\Git\wumpus-project\Hunt the Wumpus Text Adventure\Hunt the Wumpus Text Adventure\Hunt the Wumpus Text Adventure.cpp(216,22): warning C4018: '<': signed/unsigned mismatch
D:\Documents\Git\wumpus-project\Hunt the Wumpus Text Adventure\Hunt the Wumpus Text Adventure\Hunt the Wumpus Text Adventure.cpp(224,22): warning C4018: '<': signed/unsigned mismatch
D:\Documents\Git\wumpus-project\Hunt the Wumpus Text Adventure\Hunt the Wumpus Text Adventure\Hunt the Wumpus Text Adventure.cpp(461,34): warning C4018: '>=': signed/unsigned mismatch
D:\Documents\Git\wumpus-project\Hunt the Wumpus Text Adventure\Hunt the Wumpus Text Adventure\Hunt the Wumpus Text Adventure.cpp(660): warning C4715: 'GameStart': not all control paths return a value
  Hunt the Wumpus Text Adventure.vcxproj -> D:\Documents\Git\wumpus-project\Hunt the Wumpus Text Adventure\Debug\Hunt the Wumpus Text Adventure.exe
=======
C:\Users\yoeyt\Documents\GitHub\wumpus-project\Hunt the Wumpus Text Adventure\Hunt the Wumpus Text Adventure\AI.hpp(2,10): warning C4067: unexpected tokens following preprocessor directive - expected a newline
C:\Users\yoeyt\Documents\GitHub\wumpus-project\Hunt the Wumpus Text Adventure\Hunt the Wumpus Text Adventure\Hunt the Wumpus Text Adventure.cpp(36,20): warning C4018: '<': signed/unsigned mismatch
C:\Users\yoeyt\Documents\GitHub\wumpus-project\Hunt the Wumpus Text Adventure\Hunt the Wumpus Text Adventure\Hunt the Wumpus Text Adventure.cpp(121,22): warning C4018: '<': signed/unsigned mismatch
C:\Users\yoeyt\Documents\GitHub\wumpus-project\Hunt the Wumpus Text Adventure\Hunt the Wumpus Text Adventure\Hunt the Wumpus Text Adventure.cpp(123,23): warning C4018: '<': signed/unsigned mismatch
C:\Users\yoeyt\Documents\GitHub\wumpus-project\Hunt the Wumpus Text Adventure\Hunt the Wumpus Text Adventure\Hunt the Wumpus Text Adventure.cpp(156,23): warning C4018: '<': signed/unsigned mismatch
C:\Users\yoeyt\Documents\GitHub\wumpus-project\Hunt the Wumpus Text Adventure\Hunt the Wumpus Text Adventure\Hunt the Wumpus Text Adventure.cpp(162,23): warning C4018: '<': signed/unsigned mismatch
C:\Users\yoeyt\Documents\GitHub\wumpus-project\Hunt the Wumpus Text Adventure\Hunt the Wumpus Text Adventure\Hunt the Wumpus Text Adventure.cpp(420,34): warning C4018: '>=': signed/unsigned mismatch
C:\Users\yoeyt\Documents\GitHub\wumpus-project\Hunt the Wumpus Text Adventure\Hunt the Wumpus Text Adventure\Hunt the Wumpus Text Adventure.cpp(618): warning C4715: 'GameStart': not all control paths return a value
  Hunt the Wumpus Text Adventure.vcxproj -> C:\Users\yoeyt\Documents\GitHub\wumpus-project\Hunt the Wumpus Text Adventure\Debug\Hunt the Wumpus Text Adventure.exe
>>>>>>> 2ccf797a0d4291397fa665be80e6752d2f68d141
